{
  "RSpec": {
    "coverage": {
      "/Users/guilherme/Projects/desafio_magalu/app/helpers/api/v1/users_helper.rb": {
        "lines": [
          null,
          null,
          1,
          1,
          1,
          null,
          null,
          null
        ]
      },
      "/Users/guilherme/Projects/desafio_magalu/app/helpers/application_helper.rb": {
        "lines": [
          null,
          null,
          1,
          null
        ]
      },
      "/Users/guilherme/Projects/desafio_magalu/app/helpers/files_helper.rb": {
        "lines": [
          null,
          null,
          1,
          null
        ]
      },
      "/Users/guilherme/Projects/desafio_magalu/app/helpers/users_helper.rb": {
        "lines": [
          null,
          null,
          1,
          null
        ]
      },
      "/Users/guilherme/Projects/desafio_magalu/app/controllers/api/v1/files_controller.rb": {
        "lines": [
          null,
          null,
          1,
          1,
          1,
          1,
          null,
          null,
          1,
          6,
          4,
          4,
          null,
          4,
          null,
          2,
          null,
          null,
          null,
          1,
          null,
          1,
          4,
          4,
          4,
          null,
          null,
          null,
          null
        ]
      },
      "/Users/guilherme/Projects/desafio_magalu/app/controllers/application_controller.rb": {
        "lines": [
          null,
          null,
          1,
          null,
          1,
          1,
          null
        ]
      },
      "/Users/guilherme/Projects/desafio_magalu/app/controllers/api/v1/users_controller.rb": {
        "lines": [
          null,
          null,
          1,
          1,
          1,
          null,
          1,
          9,
          9,
          null,
          null,
          1,
          null,
          1,
          9,
          null,
          null,
          null,
          null
        ]
      },
      "/Users/guilherme/Projects/desafio_magalu/app/jobs/process_file_job.rb": {
        "lines": [
          null,
          null,
          1,
          1,
          null,
          1,
          4,
          4,
          4,
          null,
          4,
          null,
          null,
          null,
          null,
          null,
          null
        ]
      },
      "/Users/guilherme/Projects/desafio_magalu/app/jobs/application_job.rb": {
        "lines": [
          null,
          null,
          1,
          null,
          null,
          null,
          null,
          null,
          null
        ]
      },
      "/Users/guilherme/Projects/desafio_magalu/app/models/order.rb": {
        "lines": [
          null,
          null,
          1,
          1,
          1,
          null,
          1,
          33,
          null,
          null
        ]
      },
      "/Users/guilherme/Projects/desafio_magalu/app/models/application_record.rb": {
        "lines": [
          null,
          null,
          1,
          1,
          null
        ]
      },
      "/Users/guilherme/Projects/desafio_magalu/app/models/product.rb": {
        "lines": [
          null,
          null,
          1,
          1,
          null
        ]
      },
      "/Users/guilherme/Projects/desafio_magalu/app/models/user.rb": {
        "lines": [
          null,
          null,
          1,
          1,
          null
        ]
      },
      "/Users/guilherme/Projects/desafio_magalu/app/serializers/order_serializer.rb": {
        "lines": [
          null,
          null,
          1,
          1,
          1,
          1,
          1,
          null,
          1,
          31,
          null,
          null,
          1,
          31,
          null,
          null
        ]
      },
      "/Users/guilherme/Projects/desafio_magalu/app/serializers/product_serializer.rb": {
        "lines": [
          null,
          null,
          1,
          1,
          null,
          1,
          30,
          null,
          null
        ]
      },
      "/Users/guilherme/Projects/desafio_magalu/app/serializers/user_serializer.rb": {
        "lines": [
          null,
          null,
          1,
          1,
          1,
          1,
          null
        ]
      },
      "/Users/guilherme/Projects/desafio_magalu/app/services/database_handler.rb": {
        "lines": [
          null,
          null,
          1,
          1,
          11,
          11,
          11,
          null,
          null,
          1,
          null,
          1,
          19,
          null,
          null,
          1,
          null,
          11,
          11,
          11,
          11,
          null,
          null,
          1,
          21,
          null,
          null
        ]
      },
      "/Users/guilherme/Projects/desafio_magalu/app/services/order_processor.rb": {
        "lines": [
          null,
          null,
          1,
          1,
          2,
          2,
          2,
          null,
          null,
          1,
          2,
          3,
          null,
          2,
          2,
          null,
          null,
          null
        ]
      },
      "/Users/guilherme/Projects/desafio_magalu/app/queries/user_query.rb": {
        "lines": [
          null,
          null,
          1,
          1,
          null,
          1,
          9,
          null,
          null,
          1,
          9,
          9,
          9,
          null,
          9,
          null,
          null,
          1,
          null,
          1,
          null,
          36,
          18,
          null,
          null,
          54,
          null,
          null,
          1,
          9,
          null,
          null,
          1,
          18,
          null,
          0,
          null,
          null,
          1,
          18,
          null,
          0,
          0,
          null,
          0,
          null,
          null
        ]
      },
      "/Users/guilherme/Projects/desafio_magalu/app/services/file_reader.rb": {
        "lines": [
          null,
          null,
          1,
          1,
          0,
          null,
          null,
          1,
          0,
          null,
          null
        ]
      },
      "/Users/guilherme/Projects/desafio_magalu/app/services/line_parser.rb": {
        "lines": [
          null,
          null,
          1,
          1,
          null,
          0,
          null,
          null,
          null,
          null,
          null,
          null,
          null,
          null
        ]
      }
    },
    "timestamp": 1732475640
  }
}
